<?xml version="1.0" encoding="UTF-8"?>
<!-- Generated by org.testng.reporters.JUnitXMLReporter -->
<testsuite name="Default test" tests="11" failures="2" timestamp="16 Nov 2017 11:22:27 GMT" time="413.196" errors="0">
  <testcase name="@AfterMethod configAfterMethod" time="0.0" classname="TestScripts.BBBuy">
    <failure type="org.openqa.selenium.NoSuchElementException" message="no such element: Unable to locate element: {&amp;quot;method&amp;quot;:&amp;quot;xpath&amp;quot;,&amp;quot;selector&amp;quot;:&amp;quot;//i[@class=&amp;apos;icon svg-user-active svg-header svg-user-active-dim&amp;apos;]&amp;quot;}
  (Session info: chrome=60.0.3112.113)
  (Driver info: chromedriver=2.33.506092 (733a02544d189eeb751fe0d7ddca79a0ee28cce4),platform=Linux 4.10.0-38-generic x86_64) (WARNING: The server did not provide any stacktrace information)
Command duration or timeout: 10.15 seconds
For documentation on this error, please visit: http://seleniumhq.org/exceptions/no_such_element.html
Build info: version: &amp;apos;2.53.0&amp;apos;, revision: &amp;apos;35ae25b1534ae328c771e0856c93e187490ca824&amp;apos;, time: &amp;apos;2016-03-15 10:43:46&amp;apos;
System info: host: &amp;apos;N/A&amp;apos;, ip: &amp;apos;N/A&amp;apos;, os.name: &amp;apos;Linux&amp;apos;, os.arch: &amp;apos;amd64&amp;apos;, os.version: &amp;apos;4.10.0-38-generic&amp;apos;, java.version: &amp;apos;1.8.0_151&amp;apos;
Driver info: org.openqa.selenium.chrome.ChromeDriver
Capabilities [{applicationCacheEnabled=false, rotatable=false, mobileEmulationEnabled=false, networkConnectionEnabled=false, chrome={chromedriverVersion=2.33.506092 (733a02544d189eeb751fe0d7ddca79a0ee28cce4), userDataDir=/tmp/.org.chromium.Chromium.MaXfh0}, takesHeapSnapshot=true, pageLoadStrategy=normal, databaseEnabled=false, handlesAlerts=true, hasTouchScreen=false, version=60.0.3112.113, platform=LINUX, browserConnectionEnabled=false, nativeEvents=true, acceptSslCerts=true, locationContextEnabled=true, webStorageEnabled=true, browserName=chrome, takesScreenshot=true, javascriptEnabled=true, cssSelectorsEnabled=true, setWindowRect=true, unexpectedAlertBehaviour=}]
Session ID: a8a79f2709f0c915c8eec3626dcc7743
*** Element info: {Using=xpath, value=//i[@class=&amp;apos;icon svg-user-active svg-header svg-user-active-dim&amp;apos;]}">
      <![CDATA[org.openqa.selenium.NoSuchElementException: no such element: Unable to locate element: {"method":"xpath","selector":"//i[@class='icon svg-user-active svg-header svg-user-active-dim']"}
  (Session info: chrome=60.0.3112.113)
  (Driver info: chromedriver=2.33.506092 (733a02544d189eeb751fe0d7ddca79a0ee28cce4),platform=Linux 4.10.0-38-generic x86_64) (WARNING: The server did not provide any stacktrace information)
Command duration or timeout: 10.15 seconds
For documentation on this error, please visit: http://seleniumhq.org/exceptions/no_such_element.html
Build info: version: '2.53.0', revision: '35ae25b1534ae328c771e0856c93e187490ca824', time: '2016-03-15 10:43:46'
System info: host: 'N/A', ip: 'N/A', os.name: 'Linux', os.arch: 'amd64', os.version: '4.10.0-38-generic', java.version: '1.8.0_151'
Driver info: org.openqa.selenium.chrome.ChromeDriver
Capabilities [{applicationCacheEnabled=false, rotatable=false, mobileEmulationEnabled=false, networkConnectionEnabled=false, chrome={chromedriverVersion=2.33.506092 (733a02544d189eeb751fe0d7ddca79a0ee28cce4), userDataDir=/tmp/.org.chromium.Chromium.MaXfh0}, takesHeapSnapshot=true, pageLoadStrategy=normal, databaseEnabled=false, handlesAlerts=true, hasTouchScreen=false, version=60.0.3112.113, platform=LINUX, browserConnectionEnabled=false, nativeEvents=true, acceptSslCerts=true, locationContextEnabled=true, webStorageEnabled=true, browserName=chrome, takesScreenshot=true, javascriptEnabled=true, cssSelectorsEnabled=true, setWindowRect=true, unexpectedAlertBehaviour=}]
Session ID: a8a79f2709f0c915c8eec3626dcc7743
*** Element info: {Using=xpath, value=//i[@class='icon svg-user-active svg-header svg-user-active-dim']}
	at sun.reflect.NativeConstructorAccessorImpl.newInstance0(Native Method)
	at sun.reflect.NativeConstructorAccessorImpl.newInstance(NativeConstructorAccessorImpl.java:62)
	at sun.reflect.DelegatingConstructorAccessorImpl.newInstance(DelegatingConstructorAccessorImpl.java:45)
	at java.lang.reflect.Constructor.newInstance(Constructor.java:423)
	at org.openqa.selenium.remote.ErrorHandler.createThrowable(ErrorHandler.java:206)
	at org.openqa.selenium.remote.ErrorHandler.throwIfResponseFailed(ErrorHandler.java:158)
	at org.openqa.selenium.remote.RemoteWebDriver.execute(RemoteWebDriver.java:678)
	at org.openqa.selenium.remote.RemoteWebDriver.findElement(RemoteWebDriver.java:363)
	at org.openqa.selenium.remote.RemoteWebDriver.findElementByXPath(RemoteWebDriver.java:500)
	at org.openqa.selenium.By$ByXPath.findElement(By.java:361)
	at org.openqa.selenium.remote.RemoteWebDriver.findElement(RemoteWebDriver.java:355)
	at org.openqa.selenium.support.pagefactory.DefaultElementLocator.findElement(DefaultElementLocator.java:69)
	at org.openqa.selenium.support.pagefactory.internal.LocatingElementHandler.invoke(LocatingElementHandler.java:38)
	at com.sun.proxy.$Proxy11.click(Unknown Source)
	at GeneralLib.BaseLib.configAfterMethod(BaseLib.java:107)
	at sun.reflect.NativeMethodAccessorImpl.invoke0(Native Method)
	at sun.reflect.NativeMethodAccessorImpl.invoke(NativeMethodAccessorImpl.java:62)
	at sun.reflect.DelegatingMethodAccessorImpl.invoke(DelegatingMethodAccessorImpl.java:43)
	at java.lang.reflect.Method.invoke(Method.java:498)
	at org.testng.internal.MethodInvocationHelper.invokeMethod(MethodInvocationHelper.java:85)
	at org.testng.internal.Invoker.invokeConfigurationMethod(Invoker.java:510)
	at org.testng.internal.Invoker.invokeConfigurations(Invoker.java:211)
	at org.testng.internal.Invoker.invokeMethod(Invoker.java:703)
	at org.testng.internal.Invoker.invokeTestMethod(Invoker.java:816)
	at org.testng.internal.Invoker.invokeTestMethods(Invoker.java:1124)
	at org.testng.internal.TestMethodWorker.invokeTestMethods(TestMethodWorker.java:125)
	at org.testng.internal.TestMethodWorker.run(TestMethodWorker.java:108)
	at org.testng.TestRunner.privateRun(TestRunner.java:774)
	at org.testng.TestRunner.run(TestRunner.java:624)
	at org.testng.SuiteRunner.runTest(SuiteRunner.java:359)
	at org.testng.SuiteRunner.runSequentially(SuiteRunner.java:354)
	at org.testng.SuiteRunner.privateRun(SuiteRunner.java:312)
	at org.testng.SuiteRunner.run(SuiteRunner.java:261)
	at org.testng.SuiteRunnerWorker.runSuite(SuiteRunnerWorker.java:52)
	at org.testng.SuiteRunnerWorker.run(SuiteRunnerWorker.java:86)
	at org.testng.TestNG.runSuitesSequentially(TestNG.java:1215)
	at org.testng.TestNG.runSuitesLocally(TestNG.java:1140)
	at org.testng.TestNG.run(TestNG.java:1048)
	at org.testng.remote.AbstractRemoteTestNG.run(AbstractRemoteTestNG.java:114)
	at org.testng.remote.RemoteTestNG.initAndRun(RemoteTestNG.java:251)
	at org.testng.remote.RemoteTestNG.main(RemoteTestNG.java:77)
]]>
    </failure>
  </testcase> <!-- @AfterMethod configAfterMethod -->
  <testcase name="@BeforeMethod configBeforeMethod" time="0.0" classname="TestScripts.BBBuy">
    <skipped/>
  </testcase> <!-- @BeforeMethod configBeforeMethod -->
  <testcase name="@AfterMethod configAfterMethod" time="0.0" classname="TestScripts.BBBuy">
    <skipped/>
  </testcase> <!-- @AfterMethod configAfterMethod -->
  <testcase name="@BeforeMethod configBeforeMethod" time="0.0" classname="TestScripts.BBBuy">
    <skipped/>
  </testcase> <!-- @BeforeMethod configBeforeMethod -->
  <testcase name="@AfterMethod configAfterMethod" time="0.0" classname="TestScripts.BBBuy">
    <skipped/>
  </testcase> <!-- @AfterMethod configAfterMethod -->
  <testcase name="@BeforeMethod configBeforeMethod" time="0.0" classname="TestScripts.BBBuy">
    <skipped/>
  </testcase> <!-- @BeforeMethod configBeforeMethod -->
  <testcase name="@AfterMethod configAfterMethod" time="0.0" classname="TestScripts.BBBuy">
    <skipped/>
  </testcase> <!-- @AfterMethod configAfterMethod -->
  <testcase name="@BeforeMethod configBeforeMethod" time="0.0" classname="TestScripts.BBBuy">
    <skipped/>
  </testcase> <!-- @BeforeMethod configBeforeMethod -->
  <testcase name="@AfterMethod configAfterMethod" time="0.0" classname="TestScripts.BBBuy">
    <skipped/>
  </testcase> <!-- @AfterMethod configAfterMethod -->
  <testcase name="@BeforeMethod configBeforeMethod" time="0.0" classname="TestScripts.BBBuy">
    <skipped/>
  </testcase> <!-- @BeforeMethod configBeforeMethod -->
  <testcase name="@AfterMethod configAfterMethod" time="0.0" classname="TestScripts.BBBuy">
    <skipped/>
  </testcase> <!-- @AfterMethod configAfterMethod -->
  <testcase name="@BeforeMethod configBeforeMethod" time="0.0" classname="TestScripts.BBBuy">
    <skipped/>
  </testcase> <!-- @BeforeMethod configBeforeMethod -->
  <testcase name="@AfterMethod configAfterMethod" time="0.0" classname="TestScripts.BBBuy">
    <skipped/>
  </testcase> <!-- @AfterMethod configAfterMethod -->
  <testcase name="@BeforeMethod configBeforeMethod" time="0.0" classname="TestScripts.BBBuy">
    <skipped/>
  </testcase> <!-- @BeforeMethod configBeforeMethod -->
  <testcase name="@AfterMethod configAfterMethod" time="0.0" classname="TestScripts.BBBuy">
    <skipped/>
  </testcase> <!-- @AfterMethod configAfterMethod -->
  <testcase name="@BeforeMethod configBeforeMethod" time="0.0" classname="TestScripts.BBBuy">
    <skipped/>
  </testcase> <!-- @BeforeMethod configBeforeMethod -->
  <testcase name="@AfterMethod configAfterMethod" time="0.0" classname="TestScripts.BBBuy">
    <skipped/>
  </testcase> <!-- @AfterMethod configAfterMethod -->
  <testcase name="@BeforeMethod configBeforeMethod" time="0.0" classname="TestScripts.BBBuy">
    <skipped/>
  </testcase> <!-- @BeforeMethod configBeforeMethod -->
  <testcase name="@AfterMethod configAfterMethod" time="0.0" classname="TestScripts.BBBuy">
    <skipped/>
  </testcase> <!-- @AfterMethod configAfterMethod -->
  <testcase name="@AfterClass configAfterClass" time="0.0" classname="TestScripts.BBBuy">
    <skipped/>
  </testcase> <!-- @AfterClass configAfterClass -->
  <testcase name="BBAddToMyBasket" time="5.078" classname="TestScripts.BBBuy">
    <failure type="java.lang.NullPointerException">
      <![CDATA[java.lang.NullPointerException
	at TestScripts.BBBuy.BBAddToMyBasket(BBBuy.java:208)
	at sun.reflect.NativeMethodAccessorImpl.invoke0(Native Method)
	at sun.reflect.NativeMethodAccessorImpl.invoke(NativeMethodAccessorImpl.java:62)
	at sun.reflect.DelegatingMethodAccessorImpl.invoke(DelegatingMethodAccessorImpl.java:43)
	at java.lang.reflect.Method.invoke(Method.java:498)
	at org.testng.internal.MethodInvocationHelper.invokeMethod(MethodInvocationHelper.java:85)
	at org.testng.internal.Invoker.invokeMethod(Invoker.java:639)
	at org.testng.internal.Invoker.invokeTestMethod(Invoker.java:816)
	at org.testng.internal.Invoker.invokeTestMethods(Invoker.java:1124)
	at org.testng.internal.TestMethodWorker.invokeTestMethods(TestMethodWorker.java:125)
	at org.testng.internal.TestMethodWorker.run(TestMethodWorker.java:108)
	at org.testng.TestRunner.privateRun(TestRunner.java:774)
	at org.testng.TestRunner.run(TestRunner.java:624)
	at org.testng.SuiteRunner.runTest(SuiteRunner.java:359)
	at org.testng.SuiteRunner.runSequentially(SuiteRunner.java:354)
	at org.testng.SuiteRunner.privateRun(SuiteRunner.java:312)
	at org.testng.SuiteRunner.run(SuiteRunner.java:261)
	at org.testng.SuiteRunnerWorker.runSuite(SuiteRunnerWorker.java:52)
	at org.testng.SuiteRunnerWorker.run(SuiteRunnerWorker.java:86)
	at org.testng.TestNG.runSuitesSequentially(TestNG.java:1215)
	at org.testng.TestNG.runSuitesLocally(TestNG.java:1140)
	at org.testng.TestNG.run(TestNG.java:1048)
	at org.testng.remote.AbstractRemoteTestNG.run(AbstractRemoteTestNG.java:114)
	at org.testng.remote.RemoteTestNG.initAndRun(RemoteTestNG.java:251)
	at org.testng.remote.RemoteTestNG.main(RemoteTestNG.java:77)
]]>
    </failure>
  </testcase> <!-- BBAddToMyBasket -->
  <testcase name="BBBuySweets" time="123.565" classname="TestScripts.BBBuy">
    <failure type="java.lang.IllegalStateException" message="Cannot get a STRING value from a NUMERIC cell">
      <![CDATA[java.lang.IllegalStateException: Cannot get a STRING value from a NUMERIC cell
	at org.apache.poi.xssf.usermodel.XSSFCell.typeMismatch(XSSFCell.java:1077)
	at org.apache.poi.xssf.usermodel.XSSFCell.getRichStringCellValue(XSSFCell.java:395)
	at org.apache.poi.xssf.usermodel.XSSFCell.getStringCellValue(XSSFCell.java:347)
	at GeneralLib.ExcelLib.getExcelData(ExcelLib.java:21)
	at TestScripts.BBBuy.BBBuySweets(BBBuy.java:179)
	at sun.reflect.NativeMethodAccessorImpl.invoke0(Native Method)
	at sun.reflect.NativeMethodAccessorImpl.invoke(NativeMethodAccessorImpl.java:62)
	at sun.reflect.DelegatingMethodAccessorImpl.invoke(DelegatingMethodAccessorImpl.java:43)
	at java.lang.reflect.Method.invoke(Method.java:498)
	at org.testng.internal.MethodInvocationHelper.invokeMethod(MethodInvocationHelper.java:85)
	at org.testng.internal.Invoker.invokeMethod(Invoker.java:639)
	at org.testng.internal.Invoker.invokeTestMethod(Invoker.java:816)
	at org.testng.internal.Invoker.invokeTestMethods(Invoker.java:1124)
	at org.testng.internal.TestMethodWorker.invokeTestMethods(TestMethodWorker.java:125)
	at org.testng.internal.TestMethodWorker.run(TestMethodWorker.java:108)
	at org.testng.TestRunner.privateRun(TestRunner.java:774)
	at org.testng.TestRunner.run(TestRunner.java:624)
	at org.testng.SuiteRunner.runTest(SuiteRunner.java:359)
	at org.testng.SuiteRunner.runSequentially(SuiteRunner.java:354)
	at org.testng.SuiteRunner.privateRun(SuiteRunner.java:312)
	at org.testng.SuiteRunner.run(SuiteRunner.java:261)
	at org.testng.SuiteRunnerWorker.runSuite(SuiteRunnerWorker.java:52)
	at org.testng.SuiteRunnerWorker.run(SuiteRunnerWorker.java:86)
	at org.testng.TestNG.runSuitesSequentially(TestNG.java:1215)
	at org.testng.TestNG.runSuitesLocally(TestNG.java:1140)
	at org.testng.TestNG.run(TestNG.java:1048)
	at org.testng.remote.AbstractRemoteTestNG.run(AbstractRemoteTestNG.java:114)
	at org.testng.remote.RemoteTestNG.initAndRun(RemoteTestNG.java:251)
	at org.testng.remote.RemoteTestNG.main(RemoteTestNG.java:77)
]]>
    </failure>
  </testcase> <!-- BBBuySweets -->
  <testcase name="BBCancelMyOrder" time="0.002" classname="TestScripts.BBBuy">
    <skipped/>
  </testcase> <!-- BBCancelMyOrder -->
  <testcase name="BBDecreaseItemQuantity" time="0.002" classname="TestScripts.BBBuy">
    <skipped/>
  </testcase> <!-- BBDecreaseItemQuantity -->
  <testcase name="BBEmptyBasket" time="0.002" classname="TestScripts.BBBuy">
    <skipped/>
  </testcase> <!-- BBEmptyBasket -->
  <testcase name="BBFilterOnContents" time="0.002" classname="TestScripts.BBBuy">
    <skipped/>
  </testcase> <!-- BBFilterOnContents -->
  <testcase name="BBFilterOnFlavour" time="0.001" classname="TestScripts.BBBuy">
    <skipped/>
  </testcase> <!-- BBFilterOnFlavour -->
  <testcase name="BBFilterOnprice" time="0.001" classname="TestScripts.BBBuy">
    <skipped/>
  </testcase> <!-- BBFilterOnprice -->
  <testcase name="BBIncreaseItemQuantity" time="0.0" classname="TestScripts.BBBuy">
    <skipped/>
  </testcase> <!-- BBIncreaseItemQuantity -->
  <testcase name="BBMoreStores" time="0.0" classname="TestScripts.BBBuy">
    <skipped/>
  </testcase> <!-- BBMoreStores -->
  <testcase name="BBRemoveItemFromMyBasket" time="0.001" classname="TestScripts.BBBuy">
    <skipped/>
  </testcase> <!-- BBRemoveItemFromMyBasket -->
</testsuite> <!-- Default test -->
