<?xml version="1.0" encoding="UTF-8"?>
<!-- Generated by org.testng.reporters.JUnitXMLReporter -->
<testsuite hostname="QSP-024" name="Test" tests="11" failures="2" timestamp="11 Nov 2017 10:52:50 GMT" time="349.452" errors="0">
  <testcase name="@AfterMethod configAfterMethod" time="0.0" classname="TestScripts.BBBuy">
    <failure type="org.openqa.selenium.NoSuchElementException" message="no such element: Unable to locate element: {&amp;quot;method&amp;quot;:&amp;quot;xpath&amp;quot;,&amp;quot;selector&amp;quot;:&amp;quot;(//div[@class=&amp;apos;dropdown user-dropdown hvr-drop&amp;apos;])[1]&amp;quot;}
  (Session info: chrome=60.0.3112.113)
  (Driver info: chromedriver=2.33.506092 (733a02544d189eeb751fe0d7ddca79a0ee28cce4),platform=Linux 4.10.0-38-generic x86_64) (WARNING: The server did not provide any stacktrace information)
Command duration or timeout: 10.08 seconds
For documentation on this error, please visit: http://seleniumhq.org/exceptions/no_such_element.html
Build info: version: &amp;apos;2.53.0&amp;apos;, revision: &amp;apos;35ae25b1534ae328c771e0856c93e187490ca824&amp;apos;, time: &amp;apos;2016-03-15 10:43:46&amp;apos;
System info: host: &amp;apos;QSP-024&amp;apos;, ip: &amp;apos;198.105.254.11&amp;apos;, os.name: &amp;apos;Linux&amp;apos;, os.arch: &amp;apos;amd64&amp;apos;, os.version: &amp;apos;4.10.0-38-generic&amp;apos;, java.version: &amp;apos;1.8.0_151&amp;apos;
Driver info: org.openqa.selenium.chrome.ChromeDriver
Capabilities [{applicationCacheEnabled=false, rotatable=false, mobileEmulationEnabled=false, networkConnectionEnabled=false, chrome={chromedriverVersion=2.33.506092 (733a02544d189eeb751fe0d7ddca79a0ee28cce4), userDataDir=/tmp/.org.chromium.Chromium.QSJOXM}, takesHeapSnapshot=true, pageLoadStrategy=normal, databaseEnabled=false, handlesAlerts=true, hasTouchScreen=false, version=60.0.3112.113, platform=LINUX, browserConnectionEnabled=false, nativeEvents=true, acceptSslCerts=true, locationContextEnabled=true, webStorageEnabled=true, browserName=chrome, takesScreenshot=true, javascriptEnabled=true, cssSelectorsEnabled=true, setWindowRect=true, unexpectedAlertBehaviour=}]
Session ID: c793f7bea2ccb32b55d6874276f431db
*** Element info: {Using=xpath, value=(//div[@class=&amp;apos;dropdown user-dropdown hvr-drop&amp;apos;])[1]}">
      <![CDATA[org.openqa.selenium.NoSuchElementException: no such element: Unable to locate element: {"method":"xpath","selector":"(//div[@class='dropdown user-dropdown hvr-drop'])[1]"}
  (Session info: chrome=60.0.3112.113)
  (Driver info: chromedriver=2.33.506092 (733a02544d189eeb751fe0d7ddca79a0ee28cce4),platform=Linux 4.10.0-38-generic x86_64) (WARNING: The server did not provide any stacktrace information)
Command duration or timeout: 10.08 seconds
For documentation on this error, please visit: http://seleniumhq.org/exceptions/no_such_element.html
Build info: version: '2.53.0', revision: '35ae25b1534ae328c771e0856c93e187490ca824', time: '2016-03-15 10:43:46'
System info: host: 'QSP-024', ip: '198.105.254.11', os.name: 'Linux', os.arch: 'amd64', os.version: '4.10.0-38-generic', java.version: '1.8.0_151'
Driver info: org.openqa.selenium.chrome.ChromeDriver
Capabilities [{applicationCacheEnabled=false, rotatable=false, mobileEmulationEnabled=false, networkConnectionEnabled=false, chrome={chromedriverVersion=2.33.506092 (733a02544d189eeb751fe0d7ddca79a0ee28cce4), userDataDir=/tmp/.org.chromium.Chromium.QSJOXM}, takesHeapSnapshot=true, pageLoadStrategy=normal, databaseEnabled=false, handlesAlerts=true, hasTouchScreen=false, version=60.0.3112.113, platform=LINUX, browserConnectionEnabled=false, nativeEvents=true, acceptSslCerts=true, locationContextEnabled=true, webStorageEnabled=true, browserName=chrome, takesScreenshot=true, javascriptEnabled=true, cssSelectorsEnabled=true, setWindowRect=true, unexpectedAlertBehaviour=}]
Session ID: c793f7bea2ccb32b55d6874276f431db
*** Element info: {Using=xpath, value=(//div[@class='dropdown user-dropdown hvr-drop'])[1]}
	at org.openqa.selenium.remote.ErrorHandler.createThrowable(ErrorHandler.java:206)
	at org.openqa.selenium.remote.ErrorHandler.throwIfResponseFailed(ErrorHandler.java:158)
	at org.openqa.selenium.remote.RemoteWebDriver.execute(RemoteWebDriver.java:678)
	at org.openqa.selenium.remote.RemoteWebDriver.findElement(RemoteWebDriver.java:363)
	at org.openqa.selenium.remote.RemoteWebDriver.findElementByXPath(RemoteWebDriver.java:500)
	at org.openqa.selenium.By$ByXPath.findElement(By.java:361)
	at org.openqa.selenium.remote.RemoteWebDriver.findElement(RemoteWebDriver.java:355)
	at org.openqa.selenium.support.pagefactory.DefaultElementLocator.findElement(DefaultElementLocator.java:69)
	at org.openqa.selenium.support.pagefactory.internal.LocatingElementHandler.invoke(LocatingElementHandler.java:38)
	at com.sun.proxy.$Proxy11.getCoordinates(Unknown Source)
	at org.openqa.selenium.interactions.internal.MouseAction.getActionLocation(MouseAction.java:51)
	at org.openqa.selenium.interactions.MoveMouseAction.perform(MoveMouseAction.java:39)
	at org.openqa.selenium.interactions.CompositeAction.perform(CompositeAction.java:50)
	at org.openqa.selenium.interactions.Actions.perform(Actions.java:373)
	at GeneralLib.ActionLib.MouseAction(ActionLib.java:21)
	at GeneralLib.BaseLib.configAfterMethod(BaseLib.java:104)
... Removed 30 stack frames]]>
    </failure>
  </testcase> <!-- @AfterMethod configAfterMethod -->
  <testcase name="@BeforeMethod configBeforeMethod" time="0.0" classname="TestScripts.BBBuy">
    <skipped/>
  </testcase> <!-- @BeforeMethod configBeforeMethod -->
  <testcase name="@AfterMethod configAfterMethod" time="0.0" classname="TestScripts.BBBuy">
    <skipped/>
  </testcase> <!-- @AfterMethod configAfterMethod -->
  <testcase name="@BeforeMethod configBeforeMethod" time="0.0" classname="TestScripts.BBBuy">
    <skipped/>
  </testcase> <!-- @BeforeMethod configBeforeMethod -->
  <testcase name="@AfterMethod configAfterMethod" time="0.0" classname="TestScripts.BBBuy">
    <skipped/>
  </testcase> <!-- @AfterMethod configAfterMethod -->
  <testcase name="@BeforeMethod configBeforeMethod" time="0.0" classname="TestScripts.BBBuy">
    <skipped/>
  </testcase> <!-- @BeforeMethod configBeforeMethod -->
  <testcase name="@AfterMethod configAfterMethod" time="0.0" classname="TestScripts.BBBuy">
    <skipped/>
  </testcase> <!-- @AfterMethod configAfterMethod -->
  <testcase name="@BeforeMethod configBeforeMethod" time="0.0" classname="TestScripts.BBBuy">
    <skipped/>
  </testcase> <!-- @BeforeMethod configBeforeMethod -->
  <testcase name="@AfterMethod configAfterMethod" time="0.0" classname="TestScripts.BBBuy">
    <skipped/>
  </testcase> <!-- @AfterMethod configAfterMethod -->
  <testcase name="@BeforeMethod configBeforeMethod" time="0.0" classname="TestScripts.BBBuy">
    <skipped/>
  </testcase> <!-- @BeforeMethod configBeforeMethod -->
  <testcase name="@AfterMethod configAfterMethod" time="0.0" classname="TestScripts.BBBuy">
    <skipped/>
  </testcase> <!-- @AfterMethod configAfterMethod -->
  <testcase name="@BeforeMethod configBeforeMethod" time="0.0" classname="TestScripts.BBBuy">
    <skipped/>
  </testcase> <!-- @BeforeMethod configBeforeMethod -->
  <testcase name="@AfterMethod configAfterMethod" time="0.0" classname="TestScripts.BBBuy">
    <skipped/>
  </testcase> <!-- @AfterMethod configAfterMethod -->
  <testcase name="@BeforeMethod configBeforeMethod" time="0.0" classname="TestScripts.BBBuy">
    <skipped/>
  </testcase> <!-- @BeforeMethod configBeforeMethod -->
  <testcase name="@AfterMethod configAfterMethod" time="0.0" classname="TestScripts.BBBuy">
    <skipped/>
  </testcase> <!-- @AfterMethod configAfterMethod -->
  <testcase name="@BeforeMethod configBeforeMethod" time="0.0" classname="TestScripts.BBBuy">
    <skipped/>
  </testcase> <!-- @BeforeMethod configBeforeMethod -->
  <testcase name="@AfterMethod configAfterMethod" time="0.0" classname="TestScripts.BBBuy">
    <skipped/>
  </testcase> <!-- @AfterMethod configAfterMethod -->
  <testcase name="@BeforeMethod configBeforeMethod" time="0.0" classname="TestScripts.BBBuy">
    <skipped/>
  </testcase> <!-- @BeforeMethod configBeforeMethod -->
  <testcase name="@AfterMethod configAfterMethod" time="0.0" classname="TestScripts.BBBuy">
    <skipped/>
  </testcase> <!-- @AfterMethod configAfterMethod -->
  <testcase name="@AfterClass configAfterClass" time="0.0" classname="TestScripts.BBBuy">
    <skipped/>
  </testcase> <!-- @AfterClass configAfterClass -->
  <testcase name="BBAddToMyBasket" time="5.04" classname="TestScripts.BBBuy">
    <failure type="java.lang.NullPointerException">
      <![CDATA[java.lang.NullPointerException
	at TestScripts.BBBuy.BBAddToMyBasket(BBBuy.java:175)
... Removed 24 stack frames]]>
    </failure>
  </testcase> <!-- BBAddToMyBasket -->
  <testcase name="BBBuySweets" time="72.263" classname="TestScripts.BBBuy">
    <failure type="org.openqa.selenium.NoSuchElementException" message="no such element: Unable to locate element: {&amp;quot;method&amp;quot;:&amp;quot;xpath&amp;quot;,&amp;quot;selector&amp;quot;:&amp;quot;//a[@class=&amp;apos;btn btn-default basket-btn-drop hidden-xs hidden-sm&amp;apos;]&amp;quot;}
  (Session info: chrome=60.0.3112.113)
  (Driver info: chromedriver=2.33.506092 (733a02544d189eeb751fe0d7ddca79a0ee28cce4),platform=Linux 4.10.0-38-generic x86_64) (WARNING: The server did not provide any stacktrace information)
Command duration or timeout: 10.03 seconds
For documentation on this error, please visit: http://seleniumhq.org/exceptions/no_such_element.html
Build info: version: &amp;apos;2.53.0&amp;apos;, revision: &amp;apos;35ae25b1534ae328c771e0856c93e187490ca824&amp;apos;, time: &amp;apos;2016-03-15 10:43:46&amp;apos;
System info: host: &amp;apos;QSP-024&amp;apos;, ip: &amp;apos;198.105.254.11&amp;apos;, os.name: &amp;apos;Linux&amp;apos;, os.arch: &amp;apos;amd64&amp;apos;, os.version: &amp;apos;4.10.0-38-generic&amp;apos;, java.version: &amp;apos;1.8.0_151&amp;apos;
Driver info: org.openqa.selenium.chrome.ChromeDriver
Capabilities [{applicationCacheEnabled=false, rotatable=false, mobileEmulationEnabled=false, networkConnectionEnabled=false, chrome={chromedriverVersion=2.33.506092 (733a02544d189eeb751fe0d7ddca79a0ee28cce4), userDataDir=/tmp/.org.chromium.Chromium.QSJOXM}, takesHeapSnapshot=true, pageLoadStrategy=normal, databaseEnabled=false, handlesAlerts=true, hasTouchScreen=false, version=60.0.3112.113, platform=LINUX, browserConnectionEnabled=false, nativeEvents=true, acceptSslCerts=true, locationContextEnabled=true, webStorageEnabled=true, browserName=chrome, takesScreenshot=true, javascriptEnabled=true, cssSelectorsEnabled=true, setWindowRect=true, unexpectedAlertBehaviour=}]
Session ID: c793f7bea2ccb32b55d6874276f431db
*** Element info: {Using=xpath, value=//a[@class=&amp;apos;btn btn-default basket-btn-drop hidden-xs hidden-sm&amp;apos;]}">
      <![CDATA[org.openqa.selenium.NoSuchElementException: no such element: Unable to locate element: {"method":"xpath","selector":"//a[@class='btn btn-default basket-btn-drop hidden-xs hidden-sm']"}
  (Session info: chrome=60.0.3112.113)
  (Driver info: chromedriver=2.33.506092 (733a02544d189eeb751fe0d7ddca79a0ee28cce4),platform=Linux 4.10.0-38-generic x86_64) (WARNING: The server did not provide any stacktrace information)
Command duration or timeout: 10.03 seconds
For documentation on this error, please visit: http://seleniumhq.org/exceptions/no_such_element.html
Build info: version: '2.53.0', revision: '35ae25b1534ae328c771e0856c93e187490ca824', time: '2016-03-15 10:43:46'
System info: host: 'QSP-024', ip: '198.105.254.11', os.name: 'Linux', os.arch: 'amd64', os.version: '4.10.0-38-generic', java.version: '1.8.0_151'
Driver info: org.openqa.selenium.chrome.ChromeDriver
Capabilities [{applicationCacheEnabled=false, rotatable=false, mobileEmulationEnabled=false, networkConnectionEnabled=false, chrome={chromedriverVersion=2.33.506092 (733a02544d189eeb751fe0d7ddca79a0ee28cce4), userDataDir=/tmp/.org.chromium.Chromium.QSJOXM}, takesHeapSnapshot=true, pageLoadStrategy=normal, databaseEnabled=false, handlesAlerts=true, hasTouchScreen=false, version=60.0.3112.113, platform=LINUX, browserConnectionEnabled=false, nativeEvents=true, acceptSslCerts=true, locationContextEnabled=true, webStorageEnabled=true, browserName=chrome, takesScreenshot=true, javascriptEnabled=true, cssSelectorsEnabled=true, setWindowRect=true, unexpectedAlertBehaviour=}]
Session ID: c793f7bea2ccb32b55d6874276f431db
*** Element info: {Using=xpath, value=//a[@class='btn btn-default basket-btn-drop hidden-xs hidden-sm']}
	at org.openqa.selenium.remote.ErrorHandler.createThrowable(ErrorHandler.java:206)
	at org.openqa.selenium.remote.ErrorHandler.throwIfResponseFailed(ErrorHandler.java:158)
	at org.openqa.selenium.remote.RemoteWebDriver.execute(RemoteWebDriver.java:678)
	at org.openqa.selenium.remote.RemoteWebDriver.findElement(RemoteWebDriver.java:363)
	at org.openqa.selenium.remote.RemoteWebDriver.findElementByXPath(RemoteWebDriver.java:500)
	at org.openqa.selenium.By$ByXPath.findElement(By.java:361)
	at org.openqa.selenium.remote.RemoteWebDriver.findElement(RemoteWebDriver.java:355)
	at org.openqa.selenium.support.pagefactory.DefaultElementLocator.findElement(DefaultElementLocator.java:69)
	at org.openqa.selenium.support.pagefactory.internal.LocatingElementHandler.invoke(LocatingElementHandler.java:38)
	at com.sun.proxy.$Proxy11.click(Unknown Source)
	at ObjectRepo.BBProductDetail.BBCart(BBProductDetail.java:30)
	at TestScripts.BBBuy.BBBuySweets(BBBuy.java:128)
... Removed 28 stack frames]]>
    </failure>
  </testcase> <!-- BBBuySweets -->
  <testcase name="BBCancelMyOrder" time="0.002" classname="TestScripts.BBBuy">
    <skipped/>
  </testcase> <!-- BBCancelMyOrder -->
  <testcase name="BBDecreaseItemQuantity" time="0.008" classname="TestScripts.BBBuy">
    <skipped/>
  </testcase> <!-- BBDecreaseItemQuantity -->
  <testcase name="BBEmptyBasket" time="0.001" classname="TestScripts.BBBuy">
    <skipped/>
  </testcase> <!-- BBEmptyBasket -->
  <testcase name="BBFilterOnContents" time="0.001" classname="TestScripts.BBBuy">
    <skipped/>
  </testcase> <!-- BBFilterOnContents -->
  <testcase name="BBFilterOnFlavour" time="0.0" classname="TestScripts.BBBuy">
    <skipped/>
  </testcase> <!-- BBFilterOnFlavour -->
  <testcase name="BBFilterOnprice" time="0.001" classname="TestScripts.BBBuy">
    <skipped/>
  </testcase> <!-- BBFilterOnprice -->
  <testcase name="BBIncreaseItemQuantity" time="0.001" classname="TestScripts.BBBuy">
    <skipped/>
  </testcase> <!-- BBIncreaseItemQuantity -->
  <testcase name="BBMoreStores" time="0.001" classname="TestScripts.BBBuy">
    <skipped/>
  </testcase> <!-- BBMoreStores -->
  <testcase name="BBRemoveItemFromMyBasket" time="0.001" classname="TestScripts.BBBuy">
    <skipped/>
  </testcase> <!-- BBRemoveItemFromMyBasket -->
</testsuite> <!-- Test -->
