<html>
<head>
<title>TestNG:  Test</title>
<link href="../testng.css" rel="stylesheet" type="text/css" />
<link href="../my-testng.css" rel="stylesheet" type="text/css" />

<style type="text/css">
.log { display: none;} 
.stack-trace { display: none;} 
</style>
<script type="text/javascript">
<!--
function flip(e) {
  current = e.style.display;
  if (current == 'block') {
    e.style.display = 'none';
    return 0;
  }
  else {
    e.style.display = 'block';
    return 1;
  }
}

function toggleBox(szDivId, elem, msg1, msg2)
{
  var res = -1;  if (document.getElementById) {
    res = flip(document.getElementById(szDivId));
  }
  else if (document.all) {
    // this is the way old msie versions work
    res = flip(document.all[szDivId]);
  }
  if(elem) {
    if(res == 0) elem.innerHTML = msg1; else elem.innerHTML = msg2;
  }

}

function toggleAllBoxes() {
  if (document.getElementsByTagName) {
    d = document.getElementsByTagName('div');
    for (i = 0; i < d.length; i++) {
      if (d[i].className == 'log') {
        flip(d[i]);
      }
    }
  }
}

// -->
</script>

</head>
<body>
<h2 align='center'>Test</h2><table border='1' align="center">
<tr>
<td>Tests passed/Failed/Skipped:</td><td>0/2/9</td>
</tr><tr>
<td>Started on:</td><td>Sat Nov 11 16:17:00 IST 2017</td>
</tr>
<tr><td>Total time:</td><td>349 seconds (349452 ms)</td>
</tr><tr>
<td>Included groups:</td><td></td>
</tr><tr>
<td>Excluded groups:</td><td></td>
</tr>
</table><p/>
<small><i>(Hover the method name to see the test class name)</i></small><p/>
<table width='100%' border='1' class='invocation-failed'>
<tr><td colspan='4' align='center'><b>FAILED CONFIGURATIONS</b></td></tr>
<tr><td><b>Test method</b></td>
<td width="30%"><b>Exception</b></td>
<td width="10%"><b>Time (seconds)</b></td>
<td><b>Instance</b></td>
</tr>
<tr>
<td title='TestScripts.BBBuy.configAfterMethod()'><b>configAfterMethod</b><br>Test class: TestScripts.BBBuy</td>
<td><div><pre>org.openqa.selenium.NoSuchElementException: no such element: Unable to locate element: {&quot;method&quot;:&quot;xpath&quot;,&quot;selector&quot;:&quot;(//div[@class=&apos;dropdown user-dropdown hvr-drop&apos;])[1]&quot;}
  (Session info: chrome=60.0.3112.113)
  (Driver info: chromedriver=2.33.506092 (733a02544d189eeb751fe0d7ddca79a0ee28cce4),platform=Linux 4.10.0-38-generic x86_64) (WARNING: The server did not provide any stacktrace information)
Command duration or timeout: 10.08 seconds
For documentation on this error, please visit: http://seleniumhq.org/exceptions/no_such_element.html
Build info: version: &apos;2.53.0&apos;, revision: &apos;35ae25b1534ae328c771e0856c93e187490ca824&apos;, time: &apos;2016-03-15 10:43:46&apos;
System info: host: &apos;QSP-024&apos;, ip: &apos;198.105.254.11&apos;, os.name: &apos;Linux&apos;, os.arch: &apos;amd64&apos;, os.version: &apos;4.10.0-38-generic&apos;, java.version: &apos;1.8.0_151&apos;
Driver info: org.openqa.selenium.chrome.ChromeDriver
Capabilities [{applicationCacheEnabled=false, rotatable=false, mobileEmulationEnabled=false, networkConnectionEnabled=false, chrome={chromedriverVersion=2.33.506092 (733a02544d189eeb751fe0d7ddca79a0ee28cce4), userDataDir=/tmp/.org.chromium.Chromium.QSJOXM}, takesHeapSnapshot=true, pageLoadStrategy=normal, databaseEnabled=false, handlesAlerts=true, hasTouchScreen=false, version=60.0.3112.113, platform=LINUX, browserConnectionEnabled=false, nativeEvents=true, acceptSslCerts=true, locationContextEnabled=true, webStorageEnabled=true, browserName=chrome, takesScreenshot=true, javascriptEnabled=true, cssSelectorsEnabled=true, setWindowRect=true, unexpectedAlertBehaviour=}]
Session ID: c793f7bea2ccb32b55d6874276f431db
*** Element info: {Using=xpath, value=(//div[@class=&apos;dropdown user-dropdown hvr-drop&apos;])[1]}
	at org.openqa.selenium.remote.ErrorHandler.createThrowable(ErrorHandler.java:206)
	at org.openqa.selenium.remote.ErrorHandler.throwIfResponseFailed(ErrorHandler.java:158)
	at org.openqa.selenium.remote.RemoteWebDriver.execute(RemoteWebDriver.java:678)
	at org.openqa.selenium.remote.RemoteWebDriver.findElement(RemoteWebDriver.java:363)
	at org.openqa.selenium.remote.RemoteWebDriver.findElementByXPath(RemoteWebDriver.java:500)
	at org.openqa.selenium.By$ByXPath.findElement(By.java:361)
	at org.openqa.selenium.remote.RemoteWebDriver.findElement(RemoteWebDriver.java:355)
	at org.openqa.selenium.support.pagefactory.DefaultElementLocator.findElement(DefaultElementLocator.java:69)
	at org.openqa.selenium.support.pagefactory.internal.LocatingElementHandler.invoke(LocatingElementHandler.java:38)
	at com.sun.proxy.$Proxy11.getCoordinates(Unknown Source)
	at org.openqa.selenium.interactions.internal.MouseAction.getActionLocation(MouseAction.java:51)
	at org.openqa.selenium.interactions.MoveMouseAction.perform(MoveMouseAction.java:39)
	at org.openqa.selenium.interactions.CompositeAction.perform(CompositeAction.java:50)
	at org.openqa.selenium.interactions.Actions.perform(Actions.java:373)
	at GeneralLib.ActionLib.MouseAction(ActionLib.java:21)
	at GeneralLib.BaseLib.configAfterMethod(BaseLib.java:104)
... Removed 30 stack frames</pre></div><a href='#' onClick='toggleBox("stack-trace1475192960", this, "Click to show all stack frames", "Click to hide stack frames")'>Click to show all stack frames</a>
<div class='stack-trace' id='stack-trace1475192960'><pre>org.openqa.selenium.NoSuchElementException: no such element: Unable to locate element: {&quot;method&quot;:&quot;xpath&quot;,&quot;selector&quot;:&quot;(//div[@class=&apos;dropdown user-dropdown hvr-drop&apos;])[1]&quot;}
  (Session info: chrome=60.0.3112.113)
  (Driver info: chromedriver=2.33.506092 (733a02544d189eeb751fe0d7ddca79a0ee28cce4),platform=Linux 4.10.0-38-generic x86_64) (WARNING: The server did not provide any stacktrace information)
Command duration or timeout: 10.08 seconds
For documentation on this error, please visit: http://seleniumhq.org/exceptions/no_such_element.html
Build info: version: &apos;2.53.0&apos;, revision: &apos;35ae25b1534ae328c771e0856c93e187490ca824&apos;, time: &apos;2016-03-15 10:43:46&apos;
System info: host: &apos;QSP-024&apos;, ip: &apos;198.105.254.11&apos;, os.name: &apos;Linux&apos;, os.arch: &apos;amd64&apos;, os.version: &apos;4.10.0-38-generic&apos;, java.version: &apos;1.8.0_151&apos;
Driver info: org.openqa.selenium.chrome.ChromeDriver
Capabilities [{applicationCacheEnabled=false, rotatable=false, mobileEmulationEnabled=false, networkConnectionEnabled=false, chrome={chromedriverVersion=2.33.506092 (733a02544d189eeb751fe0d7ddca79a0ee28cce4), userDataDir=/tmp/.org.chromium.Chromium.QSJOXM}, takesHeapSnapshot=true, pageLoadStrategy=normal, databaseEnabled=false, handlesAlerts=true, hasTouchScreen=false, version=60.0.3112.113, platform=LINUX, browserConnectionEnabled=false, nativeEvents=true, acceptSslCerts=true, locationContextEnabled=true, webStorageEnabled=true, browserName=chrome, takesScreenshot=true, javascriptEnabled=true, cssSelectorsEnabled=true, setWindowRect=true, unexpectedAlertBehaviour=}]
Session ID: c793f7bea2ccb32b55d6874276f431db
*** Element info: {Using=xpath, value=(//div[@class=&apos;dropdown user-dropdown hvr-drop&apos;])[1]}
	at sun.reflect.NativeConstructorAccessorImpl.newInstance0(Native Method)
	at sun.reflect.NativeConstructorAccessorImpl.newInstance(NativeConstructorAccessorImpl.java:62)
	at sun.reflect.DelegatingConstructorAccessorImpl.newInstance(DelegatingConstructorAccessorImpl.java:45)
	at java.lang.reflect.Constructor.newInstance(Constructor.java:423)
	at org.openqa.selenium.remote.ErrorHandler.createThrowable(ErrorHandler.java:206)
	at org.openqa.selenium.remote.ErrorHandler.throwIfResponseFailed(ErrorHandler.java:158)
	at org.openqa.selenium.remote.RemoteWebDriver.execute(RemoteWebDriver.java:678)
	at org.openqa.selenium.remote.RemoteWebDriver.findElement(RemoteWebDriver.java:363)
	at org.openqa.selenium.remote.RemoteWebDriver.findElementByXPath(RemoteWebDriver.java:500)
	at org.openqa.selenium.By$ByXPath.findElement(By.java:361)
	at org.openqa.selenium.remote.RemoteWebDriver.findElement(RemoteWebDriver.java:355)
	at org.openqa.selenium.support.pagefactory.DefaultElementLocator.findElement(DefaultElementLocator.java:69)
	at org.openqa.selenium.support.pagefactory.internal.LocatingElementHandler.invoke(LocatingElementHandler.java:38)
	at com.sun.proxy.$Proxy11.getCoordinates(Unknown Source)
	at org.openqa.selenium.interactions.internal.MouseAction.getActionLocation(MouseAction.java:51)
	at org.openqa.selenium.interactions.MoveMouseAction.perform(MoveMouseAction.java:39)
	at org.openqa.selenium.interactions.CompositeAction.perform(CompositeAction.java:50)
	at org.openqa.selenium.interactions.Actions.perform(Actions.java:373)
	at GeneralLib.ActionLib.MouseAction(ActionLib.java:21)
	at GeneralLib.BaseLib.configAfterMethod(BaseLib.java:104)
	at sun.reflect.NativeMethodAccessorImpl.invoke0(Native Method)
	at sun.reflect.NativeMethodAccessorImpl.invoke(NativeMethodAccessorImpl.java:62)
	at sun.reflect.DelegatingMethodAccessorImpl.invoke(DelegatingMethodAccessorImpl.java:43)
	at java.lang.reflect.Method.invoke(Method.java:498)
	at org.testng.internal.MethodInvocationHelper.invokeMethod(MethodInvocationHelper.java:85)
	at org.testng.internal.Invoker.invokeConfigurationMethod(Invoker.java:510)
	at org.testng.internal.Invoker.invokeConfigurations(Invoker.java:211)
	at org.testng.internal.Invoker.invokeMethod(Invoker.java:703)
	at org.testng.internal.Invoker.invokeTestMethod(Invoker.java:816)
	at org.testng.internal.Invoker.invokeTestMethods(Invoker.java:1124)
	at org.testng.internal.TestMethodWorker.invokeTestMethods(TestMethodWorker.java:125)
	at org.testng.internal.TestMethodWorker.run(TestMethodWorker.java:108)
	at org.testng.TestRunner.privateRun(TestRunner.java:774)
	at org.testng.TestRunner.run(TestRunner.java:624)
	at org.testng.SuiteRunner.runTest(SuiteRunner.java:359)
	at org.testng.SuiteRunner.runSequentially(SuiteRunner.java:354)
	at org.testng.SuiteRunner.privateRun(SuiteRunner.java:312)
	at org.testng.SuiteRunner.run(SuiteRunner.java:261)
	at org.testng.SuiteRunnerWorker.runSuite(SuiteRunnerWorker.java:52)
	at org.testng.SuiteRunnerWorker.run(SuiteRunnerWorker.java:86)
	at org.testng.TestNG.runSuitesSequentially(TestNG.java:1215)
	at org.testng.TestNG.runSuitesLocally(TestNG.java:1140)
	at org.testng.TestNG.run(TestNG.java:1048)
	at org.testng.remote.AbstractRemoteTestNG.run(AbstractRemoteTestNG.java:114)
	at org.testng.remote.RemoteTestNG.initAndRun(RemoteTestNG.java:251)
	at org.testng.remote.RemoteTestNG.main(RemoteTestNG.java:77)
</pre></div></td>
<td>0</td>
<td>TestScripts.BBBuy@5b87ed94</td></tr>
</table><p>
<table width='100%' border='1' class='invocation-skipped'>
<tr><td colspan='4' align='center'><b>SKIPPED CONFIGURATIONS</b></td></tr>
<tr><td><b>Test method</b></td>
<td width="30%"><b>Exception</b></td>
<td width="10%"><b>Time (seconds)</b></td>
<td><b>Instance</b></td>
</tr>
<tr>
<td title='TestScripts.BBBuy.configBeforeMethod()'><b>configBeforeMethod</b><br>Test class: TestScripts.BBBuy</td>
<td></td>
<td>0</td>
<td>TestScripts.BBBuy@5b87ed94</td></tr>
<tr>
<td title='TestScripts.BBBuy.configBeforeMethod()'><b>configBeforeMethod</b><br>Test class: TestScripts.BBBuy</td>
<td></td>
<td>0</td>
<td>TestScripts.BBBuy@5b87ed94</td></tr>
<tr>
<td title='TestScripts.BBBuy.configBeforeMethod()'><b>configBeforeMethod</b><br>Test class: TestScripts.BBBuy</td>
<td></td>
<td>0</td>
<td>TestScripts.BBBuy@5b87ed94</td></tr>
<tr>
<td title='TestScripts.BBBuy.configBeforeMethod()'><b>configBeforeMethod</b><br>Test class: TestScripts.BBBuy</td>
<td></td>
<td>0</td>
<td>TestScripts.BBBuy@5b87ed94</td></tr>
<tr>
<td title='TestScripts.BBBuy.configBeforeMethod()'><b>configBeforeMethod</b><br>Test class: TestScripts.BBBuy</td>
<td></td>
<td>0</td>
<td>TestScripts.BBBuy@5b87ed94</td></tr>
<tr>
<td title='TestScripts.BBBuy.configBeforeMethod()'><b>configBeforeMethod</b><br>Test class: TestScripts.BBBuy</td>
<td></td>
<td>0</td>
<td>TestScripts.BBBuy@5b87ed94</td></tr>
<tr>
<td title='TestScripts.BBBuy.configBeforeMethod()'><b>configBeforeMethod</b><br>Test class: TestScripts.BBBuy</td>
<td></td>
<td>0</td>
<td>TestScripts.BBBuy@5b87ed94</td></tr>
<tr>
<td title='TestScripts.BBBuy.configBeforeMethod()'><b>configBeforeMethod</b><br>Test class: TestScripts.BBBuy</td>
<td></td>
<td>0</td>
<td>TestScripts.BBBuy@5b87ed94</td></tr>
<tr>
<td title='TestScripts.BBBuy.configBeforeMethod()'><b>configBeforeMethod</b><br>Test class: TestScripts.BBBuy</td>
<td></td>
<td>0</td>
<td>TestScripts.BBBuy@5b87ed94</td></tr>
<tr>
<td title='TestScripts.BBBuy.configAfterMethod()'><b>configAfterMethod</b><br>Test class: TestScripts.BBBuy</td>
<td></td>
<td>0</td>
<td>TestScripts.BBBuy@5b87ed94</td></tr>
<tr>
<td title='TestScripts.BBBuy.configAfterMethod()'><b>configAfterMethod</b><br>Test class: TestScripts.BBBuy</td>
<td></td>
<td>0</td>
<td>TestScripts.BBBuy@5b87ed94</td></tr>
<tr>
<td title='TestScripts.BBBuy.configAfterMethod()'><b>configAfterMethod</b><br>Test class: TestScripts.BBBuy</td>
<td></td>
<td>0</td>
<td>TestScripts.BBBuy@5b87ed94</td></tr>
<tr>
<td title='TestScripts.BBBuy.configAfterMethod()'><b>configAfterMethod</b><br>Test class: TestScripts.BBBuy</td>
<td></td>
<td>0</td>
<td>TestScripts.BBBuy@5b87ed94</td></tr>
<tr>
<td title='TestScripts.BBBuy.configAfterMethod()'><b>configAfterMethod</b><br>Test class: TestScripts.BBBuy</td>
<td></td>
<td>0</td>
<td>TestScripts.BBBuy@5b87ed94</td></tr>
<tr>
<td title='TestScripts.BBBuy.configAfterMethod()'><b>configAfterMethod</b><br>Test class: TestScripts.BBBuy</td>
<td></td>
<td>0</td>
<td>TestScripts.BBBuy@5b87ed94</td></tr>
<tr>
<td title='TestScripts.BBBuy.configAfterMethod()'><b>configAfterMethod</b><br>Test class: TestScripts.BBBuy</td>
<td></td>
<td>0</td>
<td>TestScripts.BBBuy@5b87ed94</td></tr>
<tr>
<td title='TestScripts.BBBuy.configAfterMethod()'><b>configAfterMethod</b><br>Test class: TestScripts.BBBuy</td>
<td></td>
<td>0</td>
<td>TestScripts.BBBuy@5b87ed94</td></tr>
<tr>
<td title='TestScripts.BBBuy.configAfterMethod()'><b>configAfterMethod</b><br>Test class: TestScripts.BBBuy</td>
<td></td>
<td>0</td>
<td>TestScripts.BBBuy@5b87ed94</td></tr>
<tr>
<td title='TestScripts.BBBuy.configAfterClass()'><b>configAfterClass</b><br>Test class: TestScripts.BBBuy</td>
<td></td>
<td>0</td>
<td>TestScripts.BBBuy@5b87ed94</td></tr>
</table><p>
<table width='100%' border='1' class='invocation-failed'>
<tr><td colspan='4' align='center'><b>FAILED TESTS</b></td></tr>
<tr><td><b>Test method</b></td>
<td width="30%"><b>Exception</b></td>
<td width="10%"><b>Time (seconds)</b></td>
<td><b>Instance</b></td>
</tr>
<tr>
<td title='TestScripts.BBBuy.BBAddToMyBasket()'><b>BBAddToMyBasket</b><br>Test class: TestScripts.BBBuy</td>
<td><div><pre>java.lang.NullPointerException
	at TestScripts.BBBuy.BBAddToMyBasket(BBBuy.java:175)
... Removed 24 stack frames</pre></div><a href='#' onClick='toggleBox("stack-trace332365138", this, "Click to show all stack frames", "Click to hide stack frames")'>Click to show all stack frames</a>
<div class='stack-trace' id='stack-trace332365138'><pre>java.lang.NullPointerException
	at TestScripts.BBBuy.BBAddToMyBasket(BBBuy.java:175)
	at sun.reflect.NativeMethodAccessorImpl.invoke0(Native Method)
	at sun.reflect.NativeMethodAccessorImpl.invoke(NativeMethodAccessorImpl.java:62)
	at sun.reflect.DelegatingMethodAccessorImpl.invoke(DelegatingMethodAccessorImpl.java:43)
	at java.lang.reflect.Method.invoke(Method.java:498)
	at org.testng.internal.MethodInvocationHelper.invokeMethod(MethodInvocationHelper.java:85)
	at org.testng.internal.Invoker.invokeMethod(Invoker.java:639)
	at org.testng.internal.Invoker.invokeTestMethod(Invoker.java:816)
	at org.testng.internal.Invoker.invokeTestMethods(Invoker.java:1124)
	at org.testng.internal.TestMethodWorker.invokeTestMethods(TestMethodWorker.java:125)
	at org.testng.internal.TestMethodWorker.run(TestMethodWorker.java:108)
	at org.testng.TestRunner.privateRun(TestRunner.java:774)
	at org.testng.TestRunner.run(TestRunner.java:624)
	at org.testng.SuiteRunner.runTest(SuiteRunner.java:359)
	at org.testng.SuiteRunner.runSequentially(SuiteRunner.java:354)
	at org.testng.SuiteRunner.privateRun(SuiteRunner.java:312)
	at org.testng.SuiteRunner.run(SuiteRunner.java:261)
	at org.testng.SuiteRunnerWorker.runSuite(SuiteRunnerWorker.java:52)
	at org.testng.SuiteRunnerWorker.run(SuiteRunnerWorker.java:86)
	at org.testng.TestNG.runSuitesSequentially(TestNG.java:1215)
	at org.testng.TestNG.runSuitesLocally(TestNG.java:1140)
	at org.testng.TestNG.run(TestNG.java:1048)
	at org.testng.remote.AbstractRemoteTestNG.run(AbstractRemoteTestNG.java:114)
	at org.testng.remote.RemoteTestNG.initAndRun(RemoteTestNG.java:251)
	at org.testng.remote.RemoteTestNG.main(RemoteTestNG.java:77)
</pre></div></td>
<td>5</td>
<td>TestScripts.BBBuy@5b87ed94</td></tr>
<tr>
<td title='TestScripts.BBBuy.BBBuySweets()'><b>BBBuySweets</b><br>Test class: TestScripts.BBBuy<br/>
<a href="#Output-1250499735" onClick='toggleBox("Output-1250499735", this, "Show output", "Hide output");'>Show output</a>

<a href="#Output-1250499735" onClick="toggleAllBoxes();">Show all outputs</a>
<div class='log' id="Output-1250499735">
Enter Sweets in search Box<br/>
Sweet product is displayed<br/>
Item added to Basket<br/>
</div>
</td>
<td><div><pre>org.openqa.selenium.NoSuchElementException: no such element: Unable to locate element: {&quot;method&quot;:&quot;xpath&quot;,&quot;selector&quot;:&quot;//a[@class=&apos;btn btn-default basket-btn-drop hidden-xs hidden-sm&apos;]&quot;}
  (Session info: chrome=60.0.3112.113)
  (Driver info: chromedriver=2.33.506092 (733a02544d189eeb751fe0d7ddca79a0ee28cce4),platform=Linux 4.10.0-38-generic x86_64) (WARNING: The server did not provide any stacktrace information)
Command duration or timeout: 10.03 seconds
For documentation on this error, please visit: http://seleniumhq.org/exceptions/no_such_element.html
Build info: version: &apos;2.53.0&apos;, revision: &apos;35ae25b1534ae328c771e0856c93e187490ca824&apos;, time: &apos;2016-03-15 10:43:46&apos;
System info: host: &apos;QSP-024&apos;, ip: &apos;198.105.254.11&apos;, os.name: &apos;Linux&apos;, os.arch: &apos;amd64&apos;, os.version: &apos;4.10.0-38-generic&apos;, java.version: &apos;1.8.0_151&apos;
Driver info: org.openqa.selenium.chrome.ChromeDriver
Capabilities [{applicationCacheEnabled=false, rotatable=false, mobileEmulationEnabled=false, networkConnectionEnabled=false, chrome={chromedriverVersion=2.33.506092 (733a02544d189eeb751fe0d7ddca79a0ee28cce4), userDataDir=/tmp/.org.chromium.Chromium.QSJOXM}, takesHeapSnapshot=true, pageLoadStrategy=normal, databaseEnabled=false, handlesAlerts=true, hasTouchScreen=false, version=60.0.3112.113, platform=LINUX, browserConnectionEnabled=false, nativeEvents=true, acceptSslCerts=true, locationContextEnabled=true, webStorageEnabled=true, browserName=chrome, takesScreenshot=true, javascriptEnabled=true, cssSelectorsEnabled=true, setWindowRect=true, unexpectedAlertBehaviour=}]
Session ID: c793f7bea2ccb32b55d6874276f431db
*** Element info: {Using=xpath, value=//a[@class=&apos;btn btn-default basket-btn-drop hidden-xs hidden-sm&apos;]}
	at org.openqa.selenium.remote.ErrorHandler.createThrowable(ErrorHandler.java:206)
	at org.openqa.selenium.remote.ErrorHandler.throwIfResponseFailed(ErrorHandler.java:158)
	at org.openqa.selenium.remote.RemoteWebDriver.execute(RemoteWebDriver.java:678)
	at org.openqa.selenium.remote.RemoteWebDriver.findElement(RemoteWebDriver.java:363)
	at org.openqa.selenium.remote.RemoteWebDriver.findElementByXPath(RemoteWebDriver.java:500)
	at org.openqa.selenium.By$ByXPath.findElement(By.java:361)
	at org.openqa.selenium.remote.RemoteWebDriver.findElement(RemoteWebDriver.java:355)
	at org.openqa.selenium.support.pagefactory.DefaultElementLocator.findElement(DefaultElementLocator.java:69)
	at org.openqa.selenium.support.pagefactory.internal.LocatingElementHandler.invoke(LocatingElementHandler.java:38)
	at com.sun.proxy.$Proxy11.click(Unknown Source)
	at ObjectRepo.BBProductDetail.BBCart(BBProductDetail.java:30)
	at TestScripts.BBBuy.BBBuySweets(BBBuy.java:128)
... Removed 28 stack frames</pre></div><a href='#' onClick='toggleBox("stack-trace1250499735", this, "Click to show all stack frames", "Click to hide stack frames")'>Click to show all stack frames</a>
<div class='stack-trace' id='stack-trace1250499735'><pre>org.openqa.selenium.NoSuchElementException: no such element: Unable to locate element: {&quot;method&quot;:&quot;xpath&quot;,&quot;selector&quot;:&quot;//a[@class=&apos;btn btn-default basket-btn-drop hidden-xs hidden-sm&apos;]&quot;}
  (Session info: chrome=60.0.3112.113)
  (Driver info: chromedriver=2.33.506092 (733a02544d189eeb751fe0d7ddca79a0ee28cce4),platform=Linux 4.10.0-38-generic x86_64) (WARNING: The server did not provide any stacktrace information)
Command duration or timeout: 10.03 seconds
For documentation on this error, please visit: http://seleniumhq.org/exceptions/no_such_element.html
Build info: version: &apos;2.53.0&apos;, revision: &apos;35ae25b1534ae328c771e0856c93e187490ca824&apos;, time: &apos;2016-03-15 10:43:46&apos;
System info: host: &apos;QSP-024&apos;, ip: &apos;198.105.254.11&apos;, os.name: &apos;Linux&apos;, os.arch: &apos;amd64&apos;, os.version: &apos;4.10.0-38-generic&apos;, java.version: &apos;1.8.0_151&apos;
Driver info: org.openqa.selenium.chrome.ChromeDriver
Capabilities [{applicationCacheEnabled=false, rotatable=false, mobileEmulationEnabled=false, networkConnectionEnabled=false, chrome={chromedriverVersion=2.33.506092 (733a02544d189eeb751fe0d7ddca79a0ee28cce4), userDataDir=/tmp/.org.chromium.Chromium.QSJOXM}, takesHeapSnapshot=true, pageLoadStrategy=normal, databaseEnabled=false, handlesAlerts=true, hasTouchScreen=false, version=60.0.3112.113, platform=LINUX, browserConnectionEnabled=false, nativeEvents=true, acceptSslCerts=true, locationContextEnabled=true, webStorageEnabled=true, browserName=chrome, takesScreenshot=true, javascriptEnabled=true, cssSelectorsEnabled=true, setWindowRect=true, unexpectedAlertBehaviour=}]
Session ID: c793f7bea2ccb32b55d6874276f431db
*** Element info: {Using=xpath, value=//a[@class=&apos;btn btn-default basket-btn-drop hidden-xs hidden-sm&apos;]}
	at sun.reflect.NativeConstructorAccessorImpl.newInstance0(Native Method)
	at sun.reflect.NativeConstructorAccessorImpl.newInstance(NativeConstructorAccessorImpl.java:62)
	at sun.reflect.DelegatingConstructorAccessorImpl.newInstance(DelegatingConstructorAccessorImpl.java:45)
	at java.lang.reflect.Constructor.newInstance(Constructor.java:423)
	at org.openqa.selenium.remote.ErrorHandler.createThrowable(ErrorHandler.java:206)
	at org.openqa.selenium.remote.ErrorHandler.throwIfResponseFailed(ErrorHandler.java:158)
	at org.openqa.selenium.remote.RemoteWebDriver.execute(RemoteWebDriver.java:678)
	at org.openqa.selenium.remote.RemoteWebDriver.findElement(RemoteWebDriver.java:363)
	at org.openqa.selenium.remote.RemoteWebDriver.findElementByXPath(RemoteWebDriver.java:500)
	at org.openqa.selenium.By$ByXPath.findElement(By.java:361)
	at org.openqa.selenium.remote.RemoteWebDriver.findElement(RemoteWebDriver.java:355)
	at org.openqa.selenium.support.pagefactory.DefaultElementLocator.findElement(DefaultElementLocator.java:69)
	at org.openqa.selenium.support.pagefactory.internal.LocatingElementHandler.invoke(LocatingElementHandler.java:38)
	at com.sun.proxy.$Proxy11.click(Unknown Source)
	at ObjectRepo.BBProductDetail.BBCart(BBProductDetail.java:30)
	at TestScripts.BBBuy.BBBuySweets(BBBuy.java:128)
	at sun.reflect.NativeMethodAccessorImpl.invoke0(Native Method)
	at sun.reflect.NativeMethodAccessorImpl.invoke(NativeMethodAccessorImpl.java:62)
	at sun.reflect.DelegatingMethodAccessorImpl.invoke(DelegatingMethodAccessorImpl.java:43)
	at java.lang.reflect.Method.invoke(Method.java:498)
	at org.testng.internal.MethodInvocationHelper.invokeMethod(MethodInvocationHelper.java:85)
	at org.testng.internal.Invoker.invokeMethod(Invoker.java:639)
	at org.testng.internal.Invoker.invokeTestMethod(Invoker.java:816)
	at org.testng.internal.Invoker.invokeTestMethods(Invoker.java:1124)
	at org.testng.internal.TestMethodWorker.invokeTestMethods(TestMethodWorker.java:125)
	at org.testng.internal.TestMethodWorker.run(TestMethodWorker.java:108)
	at org.testng.TestRunner.privateRun(TestRunner.java:774)
	at org.testng.TestRunner.run(TestRunner.java:624)
	at org.testng.SuiteRunner.runTest(SuiteRunner.java:359)
	at org.testng.SuiteRunner.runSequentially(SuiteRunner.java:354)
	at org.testng.SuiteRunner.privateRun(SuiteRunner.java:312)
	at org.testng.SuiteRunner.run(SuiteRunner.java:261)
	at org.testng.SuiteRunnerWorker.runSuite(SuiteRunnerWorker.java:52)
	at org.testng.SuiteRunnerWorker.run(SuiteRunnerWorker.java:86)
	at org.testng.TestNG.runSuitesSequentially(TestNG.java:1215)
	at org.testng.TestNG.runSuitesLocally(TestNG.java:1140)
	at org.testng.TestNG.run(TestNG.java:1048)
	at org.testng.remote.AbstractRemoteTestNG.run(AbstractRemoteTestNG.java:114)
	at org.testng.remote.RemoteTestNG.initAndRun(RemoteTestNG.java:251)
	at org.testng.remote.RemoteTestNG.main(RemoteTestNG.java:77)
</pre></div></td>
<td>72</td>
<td>TestScripts.BBBuy@5b87ed94</td></tr>
</table><p>
<table width='100%' border='1' class='invocation-skipped'>
<tr><td colspan='4' align='center'><b>SKIPPED TESTS</b></td></tr>
<tr><td><b>Test method</b></td>
<td width="30%"><b>Exception</b></td>
<td width="10%"><b>Time (seconds)</b></td>
<td><b>Instance</b></td>
</tr>
<tr>
<td title='TestScripts.BBBuy.BBCancelMyOrder()'><b>BBCancelMyOrder</b><br>Test class: TestScripts.BBBuy</td>
<td></td>
<td>0</td>
<td>TestScripts.BBBuy@5b87ed94</td></tr>
<tr>
<td title='TestScripts.BBBuy.BBDecreaseItemQuantity()'><b>BBDecreaseItemQuantity</b><br>Test class: TestScripts.BBBuy</td>
<td></td>
<td>0</td>
<td>TestScripts.BBBuy@5b87ed94</td></tr>
<tr>
<td title='TestScripts.BBBuy.BBEmptyBasket()'><b>BBEmptyBasket</b><br>Test class: TestScripts.BBBuy</td>
<td></td>
<td>0</td>
<td>TestScripts.BBBuy@5b87ed94</td></tr>
<tr>
<td title='TestScripts.BBBuy.BBFilterOnContents()'><b>BBFilterOnContents</b><br>Test class: TestScripts.BBBuy</td>
<td></td>
<td>0</td>
<td>TestScripts.BBBuy@5b87ed94</td></tr>
<tr>
<td title='TestScripts.BBBuy.BBFilterOnFlavour()'><b>BBFilterOnFlavour</b><br>Test class: TestScripts.BBBuy</td>
<td></td>
<td>0</td>
<td>TestScripts.BBBuy@5b87ed94</td></tr>
<tr>
<td title='TestScripts.BBBuy.BBFilterOnprice()'><b>BBFilterOnprice</b><br>Test class: TestScripts.BBBuy</td>
<td></td>
<td>0</td>
<td>TestScripts.BBBuy@5b87ed94</td></tr>
<tr>
<td title='TestScripts.BBBuy.BBIncreaseItemQuantity()'><b>BBIncreaseItemQuantity</b><br>Test class: TestScripts.BBBuy</td>
<td></td>
<td>0</td>
<td>TestScripts.BBBuy@5b87ed94</td></tr>
<tr>
<td title='TestScripts.BBBuy.BBMoreStores()'><b>BBMoreStores</b><br>Test class: TestScripts.BBBuy</td>
<td></td>
<td>0</td>
<td>TestScripts.BBBuy@5b87ed94</td></tr>
<tr>
<td title='TestScripts.BBBuy.BBRemoveItemFromMyBasket()'><b>BBRemoveItemFromMyBasket</b><br>Test class: TestScripts.BBBuy</td>
<td></td>
<td>0</td>
<td>TestScripts.BBBuy@5b87ed94</td></tr>
</table><p>
</body>
</html>